2019-01-21 03:38:44,689  INFO by.epam.javatraining.valeriiaamialcheniamaintask02.maintask02.view.LogPrinter:by.epam.javatraining.valeriiaamialcheniamaintask02.maintask02.view.LogPrinter.print(LogPrinter.java:18) = Salad is successfully cooked and contains: [
 Name: Green Apple
 Price: 1.6
 Weight: 0.2
 Calories per 100g: 52.0
 Kind of fruit:Apple
 Vitamin A per 100g fruit: 0.02
 Calcium per 100g fruit: 62.0
 Phosphorus per 100g fruit: 3.4]
2019-01-21 03:38:44,689  INFO by.epam.javatraining.valeriiaamialcheniamaintask02.maintask02.view.LogPrinter:by.epam.javatraining.valeriiaamialcheniamaintask02.maintask02.view.LogPrinter.print(LogPrinter.java:18) = Total price for cooked salad is 1.6
2019-01-21 03:38:44,689  INFO by.epam.javatraining.valeriiaamialcheniamaintask02.maintask02.view.LogPrinter:by.epam.javatraining.valeriiaamialcheniamaintask02.maintask02.view.LogPrinter.print(LogPrinter.java:18) = The most expensive fruit in the salad costs 1.6
2019-01-21 03:46:06,435  INFO by.epam.javatraining.valeriiaamialcheniamaintask02.maintask02.view.LogPrinter:by.epam.javatraining.valeriiaamialcheniamaintask02.maintask02.view.LogPrinter.print(LogPrinter.java:18) = Salad is successfully cooked and contains: null
2019-01-21 03:49:42,390  INFO by.epam.javatraining.valeriiaamialcheniamaintask02.maintask02.view.LogPrinter:by.epam.javatraining.valeriiaamialcheniamaintask02.maintask02.view.LogPrinter.print(LogPrinter.java:18) = Salad is successfully cooked and contains: null
2019-01-21 03:51:00,189  INFO by.epam.javatraining.valeriiaamialcheniamaintask02.maintask02.view.LogPrinter:by.epam.javatraining.valeriiaamialcheniamaintask02.maintask02.view.LogPrinter.print(LogPrinter.java:18) = Salad is successfully cooked and contains: null
2019-01-21 03:51:50,782  INFO by.epam.javatraining.valeriiaamialcheniamaintask02.maintask02.view.LogPrinter:by.epam.javatraining.valeriiaamialcheniamaintask02.maintask02.view.LogPrinter.print(LogPrinter.java:18) = Salad is successfully cooked and contains: null
2019-01-21 03:58:11,824  INFO by.epam.javatraining.valeriiaamialcheniamaintask02.maintask02.view.LogPrinter:by.epam.javatraining.valeriiaamialcheniamaintask02.maintask02.view.LogPrinter.print(LogPrinter.java:18) = Salad is successfully cooked and contains: [
 Name: Green Apple
 Price: 1.6
 Weight: 0.2
 Calories per 100g: 52.0
 Kind of fruit:Apple
 Vitamin A per 100g fruit: 0.02
 Calcium per 100g fruit: 62.0
 Phosphorus per 100g fruit: 3.4, 
 Name: Red Apple
 Price: 1.3
 Weight: 2.2
 Calories per 100g: 52.0
 Kind of fruit:Apple
 Vitamin A per 100g fruit: 10.02
 Calcium per 100g fruit: 102.0
 Phosphorus per 100g fruit: 3.4, Name: Yellow PearPrice: 123.0Weight: 2.2Calories per 100g: 52.0Kind of fruit:PearVitamin A per 100g fruit0.02Calcium per 100g fruit1.0Magnesium per 100g3.4, Name: Yellow PearPrice: 123.0Weight: 2.2Calories per 100g: 52.0Kind of fruit:PearVitamin A per 100g fruit0.02Calcium per 100g fruit1.0Magnesium per 100g3.4, Name: Thai MangoPrice: 8.7Weight: 0.2Calories per 100g: 1.0Kind of fruit:MangoFruit is poisonous: falseColor: GREEN, Name: BananaPrice: 0.4Weight: 0.1Calories per 100g: 1.2Kind of fruit:BananaCountry of origin: nullPotassium per 100g4.9]
2019-01-21 03:58:11,824  INFO by.epam.javatraining.valeriiaamialcheniamaintask02.maintask02.view.LogPrinter:by.epam.javatraining.valeriiaamialcheniamaintask02.maintask02.view.LogPrinter.print(LogPrinter.java:18) = Total price for cooked salad is 258.0
2019-01-21 03:58:11,824  INFO by.epam.javatraining.valeriiaamialcheniamaintask02.maintask02.view.LogPrinter:by.epam.javatraining.valeriiaamialcheniamaintask02.maintask02.view.LogPrinter.print(LogPrinter.java:18) = The most expensive fruit in the salad costs 123.0
2019-01-21 04:05:21,100  INFO by.epam.javatraining.valeriiaamialcheniamaintask02.maintask02.view.LogPrinter:by.epam.javatraining.valeriiaamialcheniamaintask02.maintask02.view.LogPrinter.print(LogPrinter.java:18) = Salad is successfully cooked and contains: [
 Name: Green Apple
 Price: 1.6
 Weight: 0.2
 Calories per 100g: 52.0
 Kind of fruit:Apple
 Vitamin A per 100g fruit: 0.02
 Calcium per 100g fruit: 62.0
 Phosphorus per 100g fruit: 3.4, 
 Name: Red Apple
 Price: 1.3
 Weight: 2.2
 Calories per 100g: 52.0
 Kind of fruit:Apple
 Vitamin A per 100g fruit: 10.02
 Calcium per 100g fruit: 102.0
 Phosphorus per 100g fruit: 3.4, 
 Name: Yellow Pear
 Price: 123.0
 Weight: 2.2
 Calories per 100g: 52.0
 Kind of fruit: Pear
 Vitamin A per 100g fruit: 0.02
 Calcium per 100g fruit: 1.0
 Magnesium per 100g: 3.4, 
 Name: Yellow Pear
 Price: 123.0
 Weight: 2.2
 Calories per 100g: 52.0
 Kind of fruit: Pear
 Vitamin A per 100g fruit: 0.02
 Calcium per 100g fruit: 1.0
 Magnesium per 100g: 3.4, 
 Name: Thai Mango
 Price: 8.7
 Weight: 0.2
 Calories per 100g: 1.0
 Kind of fruit:Mango
 Fruit is poisonous: false
 Color: GREEN, 
 Name: Banana
 Price: 0.4
 Weight: 0.1
 Calories per 100g: 1.2
 Kind of fruit: Banana
 Country of origin: null
 Potassium per 100g: 4.9]
2019-01-21 04:05:21,100  INFO by.epam.javatraining.valeriiaamialcheniamaintask02.maintask02.view.LogPrinter:by.epam.javatraining.valeriiaamialcheniamaintask02.maintask02.view.LogPrinter.print(LogPrinter.java:18) = Total price for cooked salad is 258.0
2019-01-21 04:05:21,100  INFO by.epam.javatraining.valeriiaamialcheniamaintask02.maintask02.view.LogPrinter:by.epam.javatraining.valeriiaamialcheniamaintask02.maintask02.view.LogPrinter.print(LogPrinter.java:18) = The most expensive fruit in the salad costs 123.0
2019-01-21 04:10:51,695  INFO by.epam.javatraining.valeriiaamialcheniamaintask02.maintask02.view.LogPrinter:by.epam.javatraining.valeriiaamialcheniamaintask02.maintask02.view.LogPrinter.print(LogPrinter.java:18) = Salad is successfully cooked and contains: [
 Name: Green Apple
 Price: 1.6
 Weight: 0.2
 Calories per 100g: 52.0
 Kind of fruit:Apple
 Vitamin A per 100g fruit: 0.02
 Calcium per 100g fruit: 62.0
 Phosphorus per 100g fruit: 3.4]
2019-01-21 04:10:51,695  INFO by.epam.javatraining.valeriiaamialcheniamaintask02.maintask02.view.LogPrinter:by.epam.javatraining.valeriiaamialcheniamaintask02.maintask02.view.LogPrinter.print(LogPrinter.java:18) = Total price for cooked salad is 1.6
2019-01-21 04:10:51,695  INFO by.epam.javatraining.valeriiaamialcheniamaintask02.maintask02.view.LogPrinter:by.epam.javatraining.valeriiaamialcheniamaintask02.maintask02.view.LogPrinter.print(LogPrinter.java:18) = The most expensive fruit in the salad costs 1.6
2019-01-21 04:10:51,695  INFO by.epam.javatraining.valeriiaamialcheniamaintask02.maintask02.view.LogPrinter:by.epam.javatraining.valeriiaamialcheniamaintask02.maintask02.view.LogPrinter.print(LogPrinter.java:18) = Salad has 0.10400000000000001 calories
2019-01-22 03:15:47,003  INFO by.epam.javatraining.valeriiaamialcheniamaintask02.maintask02.view.LogPrinter:by.epam.javatraining.valeriiaamialcheniamaintask02.maintask02.view.LogPrinter.print(LogPrinter.java:18) = Salad is successfully cooked and contains: [
 Name: Green Apple
 Price: 1.6
 Weight: 0.2
 Calories per 100g: 52.0
 Kind of fruit:Apple
 Vitamin A per 100g fruit: 0.02
 Calcium per 100g fruit: 62.0
 Phosphorus per 100g fruit: 3.4, 
 Name: Red Apple
 Price: 1.3
 Weight: 2.2
 Calories per 100g: 52.0
 Kind of fruit:Apple
 Vitamin A per 100g fruit: 10.02
 Calcium per 100g fruit: 102.0
 Phosphorus per 100g fruit: 3.4, 
 Name: Yellow Pear
 Price: 123.0
 Weight: 2.2
 Calories per 100g: 52.0
 Kind of fruit: Pear
 Vitamin A per 100g fruit: 0.02
 Calcium per 100g fruit: 1.0
 Magnesium per 100g: 3.4, 
 Name: Yellow Pear
 Price: 123.0
 Weight: 2.2
 Calories per 100g: 52.0
 Kind of fruit: Pear
 Vitamin A per 100g fruit: 0.02
 Calcium per 100g fruit: 1.0
 Magnesium per 100g: 3.4, 
 Name: Thai Mango
 Price: 8.7
 Weight: 0.2
 Calories per 100g: 1.0
 Kind of fruit:Mango
 Fruit is poisonous: false
 Color: GREEN, 
 Name: Banana
 Price: 0.4
 Weight: 0.1
 Calories per 100g: 1.2
 Kind of fruit: Banana
 Country of origin: null
 Potassium per 100g: 4.9]
2019-01-22 03:15:47,034  INFO by.epam.javatraining.valeriiaamialcheniamaintask02.maintask02.view.LogPrinter:by.epam.javatraining.valeriiaamialcheniamaintask02.maintask02.view.LogPrinter.print(LogPrinter.java:18) =  Reading from file [
 Name: Green Apple
 Price: 1.6
 Weight: 0.2
 Calories per 100g: 52.0
 Kind of fruit:Apple
 Vitamin A per 100g fruit: 0.02
 Calcium per 100g fruit: 62.0
 Phosphorus per 100g fruit: 3.4, 
 Name: Red Apple
 Price: 1.3
 Weight: 2.2
 Calories per 100g: 52.0
 Kind of fruit:Apple
 Vitamin A per 100g fruit: 10.02
 Calcium per 100g fruit: 102.0
 Phosphorus per 100g fruit: 3.4, 
 Name: Yellow Pear
 Price: 123.0
 Weight: 2.2
 Calories per 100g: 52.0
 Kind of fruit: Pear
 Vitamin A per 100g fruit: 0.02
 Calcium per 100g fruit: 1.0
 Magnesium per 100g: 3.4, 
 Name: Yellow Pear
 Price: 123.0
 Weight: 2.2
 Calories per 100g: 52.0
 Kind of fruit: Pear
 Vitamin A per 100g fruit: 0.02
 Calcium per 100g fruit: 1.0
 Magnesium per 100g: 3.4, 
 Name: Thai Mango
 Price: 8.7
 Weight: 0.2
 Calories per 100g: 1.0
 Kind of fruit:Mango
 Fruit is poisonous: false
 Color: GREEN, 
 Name: Banana
 Price: 0.4
 Weight: 0.1
 Calories per 100g: 1.2
 Kind of fruit: Banana
 Country of origin: null
 Potassium per 100g: 4.9]
2019-01-22 03:15:47,034  INFO by.epam.javatraining.valeriiaamialcheniamaintask02.maintask02.view.LogPrinter:by.epam.javatraining.valeriiaamialcheniamaintask02.maintask02.view.LogPrinter.print(LogPrinter.java:18) = Exotic Fruits are equal? true
2019-01-22 03:15:47,034  INFO by.epam.javatraining.valeriiaamialcheniamaintask02.maintask02.view.LogPrinter:by.epam.javatraining.valeriiaamialcheniamaintask02.maintask02.view.LogPrinter.print(LogPrinter.java:18) = Total price for cooked salad is 508.20000000000005
2019-01-22 03:15:47,034  INFO by.epam.javatraining.valeriiaamialcheniamaintask02.maintask02.view.LogPrinter:by.epam.javatraining.valeriiaamialcheniamaintask02.maintask02.view.LogPrinter.print(LogPrinter.java:18) = Total price for cooked salad is 16.099999999999998
2019-01-22 03:15:47,034  INFO by.epam.javatraining.valeriiaamialcheniamaintask02.maintask02.view.LogPrinter:by.epam.javatraining.valeriiaamialcheniamaintask02.maintask02.view.LogPrinter.print(LogPrinter.java:18) = Total calories amount for cooked salad is 8.2192
2019-01-22 03:15:47,034  INFO by.epam.javatraining.valeriiaamialcheniamaintask02.maintask02.view.LogPrinter:by.epam.javatraining.valeriiaamialcheniamaintask02.maintask02.view.LogPrinter.print(LogPrinter.java:18) = The most expensive fruit is Yellow Pear. It's price is 123.0
2019-01-22 03:15:47,034  INFO by.epam.javatraining.valeriiaamialcheniamaintask02.maintask02.view.LogPrinter:by.epam.javatraining.valeriiaamialcheniamaintask02.maintask02.view.LogPrinter.print(LogPrinter.java:18) = The cheapest fruit is Banana. It's price is 0.4
2019-01-22 03:15:47,034  INFO by.epam.javatraining.valeriiaamialcheniamaintask02.maintask02.view.LogPrinter:by.epam.javatraining.valeriiaamialcheniamaintask02.maintask02.view.LogPrinter.print(LogPrinter.java:18) = The most calorific fruit is Some Exotic Fruit. It contains 52.0 cal. per 100g
2019-01-22 03:15:47,034  INFO by.epam.javatraining.valeriiaamialcheniamaintask02.maintask02.view.LogPrinter:by.epam.javatraining.valeriiaamialcheniamaintask02.maintask02.view.LogPrinter.print(LogPrinter.java:18) = Fruit within given limits of price: Green Apple(Apple), Red Apple(Apple), Thai Mango(Mango), Durian(Durian), Yellow Pineapple(Pineapple), Yellow Pineapple(Pineapple), 
2019-01-22 03:15:47,034  INFO by.epam.javatraining.valeriiaamialcheniamaintask02.maintask02.view.LogPrinter:by.epam.javatraining.valeriiaamialcheniamaintask02.maintask02.view.LogPrinter.print(LogPrinter.java:18) = Fruit within given limits of calories: Thai Mango(Mango), Banana(Banana), 
2019-01-22 03:15:47,034  INFO by.epam.javatraining.valeriiaamialcheniamaintask02.maintask02.view.LogPrinter:by.epam.javatraining.valeriiaamialcheniamaintask02.maintask02.view.LogPrinter.print(LogPrinter.java:18) = Fruit within given limits of calories: Durian(Durian), 
2019-01-22 03:15:47,034  INFO by.epam.javatraining.valeriiaamialcheniamaintask02.maintask02.view.LogPrinter:by.epam.javatraining.valeriiaamialcheniamaintask02.maintask02.view.LogPrinter.print(LogPrinter.java:18) = Lets eat our Salad! 
2019-01-22 03:15:47,051  INFO by.epam.javatraining.valeriiaamialcheniamaintask02.maintask02.view.LogPrinter:by.epam.javatraining.valeriiaamialcheniamaintask02.maintask02.view.LogPrinter.print(LogPrinter.java:18) = 4.099999999999998 grams of Salad is left
2019-01-22 03:15:47,052  INFO by.epam.javatraining.valeriiaamialcheniamaintask02.maintask02.view.LogPrinter:by.epam.javatraining.valeriiaamialcheniamaintask02.maintask02.view.LogPrinter.print(LogPrinter.java:18) = Fruits are sorted by name: [
 Name: Yellow Pear
 Price: 123.0
 Weight: 2.2
 Calories per 100g: 52.0
 Kind of fruit: Pear
 Vitamin A per 100g fruit: 0.02
 Calcium per 100g fruit: 1.0
 Magnesium per 100g: 3.4, 
 Name: Yellow Pear
 Price: 123.0
 Weight: 2.2
 Calories per 100g: 52.0
 Kind of fruit: Pear
 Vitamin A per 100g fruit: 0.02
 Calcium per 100g fruit: 1.0
 Magnesium per 100g: 3.4, 
 Name: Thai Mango
 Price: 8.7
 Weight: 0.2
 Calories per 100g: 1.0
 Kind of fruit:Mango
 Fruit is poisonous: false
 Color: GREEN, 
 Name: Thai Mango
 Price: 8.7
 Weight: 0.2
 Calories per 100g: 1.0
 Kind of fruit:Mango
 Fruit is poisonous: false
 Color: YELLOW, 
 Name: Red Apple
 Price: 1.3
 Weight: 2.2
 Calories per 100g: 52.0
 Kind of fruit:Apple
 Vitamin A per 100g fruit: 10.02
 Calcium per 100g fruit: 102.0
 Phosphorus per 100g fruit: 3.4]
2019-01-22 03:15:47,056  INFO by.epam.javatraining.valeriiaamialcheniamaintask02.maintask02.view.LogPrinter:by.epam.javatraining.valeriiaamialcheniamaintask02.maintask02.view.LogPrinter.print(LogPrinter.java:18) = Fruits are sorted by type: [
 Name: Red Apple
 Price: 1.3
 Weight: 2.2
 Calories per 100g: 52.0
 Kind of fruit:Apple
 Vitamin A per 100g fruit: 10.02
 Calcium per 100g fruit: 102.0
 Phosphorus per 100g fruit: 3.4, 
 Name: Thai Mango
 Price: 8.7
 Weight: 0.2
 Calories per 100g: 1.0
 Kind of fruit:Mango
 Fruit is poisonous: false
 Color: GREEN, 
 Name: Thai Mango
 Price: 8.7
 Weight: 0.2
 Calories per 100g: 1.0
 Kind of fruit:Mango
 Fruit is poisonous: false
 Color: YELLOW, 
 Name: Yellow Pear
 Price: 123.0
 Weight: 2.2
 Calories per 100g: 52.0
 Kind of fruit: Pear
 Vitamin A per 100g fruit: 0.02
 Calcium per 100g fruit: 1.0
 Magnesium per 100g: 3.4, 
 Name: Yellow Pear
 Price: 123.0
 Weight: 2.2
 Calories per 100g: 52.0
 Kind of fruit: Pear
 Vitamin A per 100g fruit: 0.02
 Calcium per 100g fruit: 1.0
 Magnesium per 100g: 3.4]
2019-01-22 03:15:47,056  INFO by.epam.javatraining.valeriiaamialcheniamaintask02.maintask02.view.LogPrinter:by.epam.javatraining.valeriiaamialcheniamaintask02.maintask02.view.LogPrinter.print(LogPrinter.java:18) = Fruits are sorted by price: [
 Name: Red Apple
 Price: 1.3
 Weight: 2.2
 Calories per 100g: 52.0
 Kind of fruit:Apple
 Vitamin A per 100g fruit: 10.02
 Calcium per 100g fruit: 102.0
 Phosphorus per 100g fruit: 3.4, 
 Name: Thai Mango
 Price: 8.7
 Weight: 0.2
 Calories per 100g: 1.0
 Kind of fruit:Mango
 Fruit is poisonous: false
 Color: GREEN, 
 Name: Thai Mango
 Price: 8.7
 Weight: 0.2
 Calories per 100g: 1.0
 Kind of fruit:Mango
 Fruit is poisonous: false
 Color: YELLOW, 
 Name: Yellow Pear
 Price: 123.0
 Weight: 2.2
 Calories per 100g: 52.0
 Kind of fruit: Pear
 Vitamin A per 100g fruit: 0.02
 Calcium per 100g fruit: 1.0
 Magnesium per 100g: 3.4, 
 Name: Yellow Pear
 Price: 123.0
 Weight: 2.2
 Calories per 100g: 52.0
 Kind of fruit: Pear
 Vitamin A per 100g fruit: 0.02
 Calcium per 100g fruit: 1.0
 Magnesium per 100g: 3.4]
2019-01-22 03:15:58,021  INFO by.epam.javatraining.valeriiaamialcheniamaintask02.maintask02.view.LogPrinter:by.epam.javatraining.valeriiaamialcheniamaintask02.maintask02.view.LogPrinter.print(LogPrinter.java:18) = Salad is successfully cooked and contains: [
 Name: Green Apple
 Price: 1.6
 Weight: 0.2
 Calories per 100g: 52.0
 Kind of fruit:Apple
 Vitamin A per 100g fruit: 0.02
 Calcium per 100g fruit: 62.0
 Phosphorus per 100g fruit: 3.4, 
 Name: Red Apple
 Price: 1.3
 Weight: 2.2
 Calories per 100g: 52.0
 Kind of fruit:Apple
 Vitamin A per 100g fruit: 10.02
 Calcium per 100g fruit: 102.0
 Phosphorus per 100g fruit: 3.4, 
 Name: Yellow Pear
 Price: 123.0
 Weight: 2.2
 Calories per 100g: 52.0
 Kind of fruit: Pear
 Vitamin A per 100g fruit: 0.02
 Calcium per 100g fruit: 1.0
 Magnesium per 100g: 3.4, 
 Name: Yellow Pear
 Price: 123.0
 Weight: 2.2
 Calories per 100g: 52.0
 Kind of fruit: Pear
 Vitamin A per 100g fruit: 0.02
 Calcium per 100g fruit: 1.0
 Magnesium per 100g: 3.4, 
 Name: Thai Mango
 Price: 8.7
 Weight: 0.2
 Calories per 100g: 1.0
 Kind of fruit:Mango
 Fruit is poisonous: false
 Color: GREEN, 
 Name: Banana
 Price: 0.4
 Weight: 0.1
 Calories per 100g: 1.2
 Kind of fruit: Banana
 Country of origin: null
 Potassium per 100g: 4.9]
2019-01-22 03:15:58,043  INFO by.epam.javatraining.valeriiaamialcheniamaintask02.maintask02.view.LogPrinter:by.epam.javatraining.valeriiaamialcheniamaintask02.maintask02.view.LogPrinter.print(LogPrinter.java:18) =  Reading from file [
 Name: Green Apple
 Price: 1.6
 Weight: 0.2
 Calories per 100g: 52.0
 Kind of fruit:Apple
 Vitamin A per 100g fruit: 0.02
 Calcium per 100g fruit: 62.0
 Phosphorus per 100g fruit: 3.4, 
 Name: Red Apple
 Price: 1.3
 Weight: 2.2
 Calories per 100g: 52.0
 Kind of fruit:Apple
 Vitamin A per 100g fruit: 10.02
 Calcium per 100g fruit: 102.0
 Phosphorus per 100g fruit: 3.4, 
 Name: Yellow Pear
 Price: 123.0
 Weight: 2.2
 Calories per 100g: 52.0
 Kind of fruit: Pear
 Vitamin A per 100g fruit: 0.02
 Calcium per 100g fruit: 1.0
 Magnesium per 100g: 3.4, 
 Name: Yellow Pear
 Price: 123.0
 Weight: 2.2
 Calories per 100g: 52.0
 Kind of fruit: Pear
 Vitamin A per 100g fruit: 0.02
 Calcium per 100g fruit: 1.0
 Magnesium per 100g: 3.4, 
 Name: Thai Mango
 Price: 8.7
 Weight: 0.2
 Calories per 100g: 1.0
 Kind of fruit:Mango
 Fruit is poisonous: false
 Color: GREEN, 
 Name: Banana
 Price: 0.4
 Weight: 0.1
 Calories per 100g: 1.2
 Kind of fruit: Banana
 Country of origin: null
 Potassium per 100g: 4.9]
2019-01-22 03:15:58,043  INFO by.epam.javatraining.valeriiaamialcheniamaintask02.maintask02.view.LogPrinter:by.epam.javatraining.valeriiaamialcheniamaintask02.maintask02.view.LogPrinter.print(LogPrinter.java:18) = Exotic Fruits are equal? true
2019-01-22 03:15:58,043  INFO by.epam.javatraining.valeriiaamialcheniamaintask02.maintask02.view.LogPrinter:by.epam.javatraining.valeriiaamialcheniamaintask02.maintask02.view.LogPrinter.print(LogPrinter.java:18) = Total price for cooked salad is 508.20000000000005
2019-01-22 03:15:58,043  INFO by.epam.javatraining.valeriiaamialcheniamaintask02.maintask02.view.LogPrinter:by.epam.javatraining.valeriiaamialcheniamaintask02.maintask02.view.LogPrinter.print(LogPrinter.java:18) = Total price for cooked salad is 16.099999999999998
2019-01-22 03:15:58,043  INFO by.epam.javatraining.valeriiaamialcheniamaintask02.maintask02.view.LogPrinter:by.epam.javatraining.valeriiaamialcheniamaintask02.maintask02.view.LogPrinter.print(LogPrinter.java:18) = Total calories amount for cooked salad is 8.2192
2019-01-22 03:15:58,043  INFO by.epam.javatraining.valeriiaamialcheniamaintask02.maintask02.view.LogPrinter:by.epam.javatraining.valeriiaamialcheniamaintask02.maintask02.view.LogPrinter.print(LogPrinter.java:18) = The most expensive fruit is Yellow Pear. It's price is 123.0
2019-01-22 03:15:58,043  INFO by.epam.javatraining.valeriiaamialcheniamaintask02.maintask02.view.LogPrinter:by.epam.javatraining.valeriiaamialcheniamaintask02.maintask02.view.LogPrinter.print(LogPrinter.java:18) = The cheapest fruit is Banana. It's price is 0.4
2019-01-22 03:15:58,043  INFO by.epam.javatraining.valeriiaamialcheniamaintask02.maintask02.view.LogPrinter:by.epam.javatraining.valeriiaamialcheniamaintask02.maintask02.view.LogPrinter.print(LogPrinter.java:18) = The most calorific fruit is Some Exotic Fruit. It contains 52.0 cal. per 100g
2019-01-22 03:15:58,043  INFO by.epam.javatraining.valeriiaamialcheniamaintask02.maintask02.view.LogPrinter:by.epam.javatraining.valeriiaamialcheniamaintask02.maintask02.view.LogPrinter.print(LogPrinter.java:18) = Fruit within given limits of price: Green Apple(Apple), Red Apple(Apple), Thai Mango(Mango), Durian(Durian), Yellow Pineapple(Pineapple), Yellow Pineapple(Pineapple), 
2019-01-22 03:15:58,043  INFO by.epam.javatraining.valeriiaamialcheniamaintask02.maintask02.view.LogPrinter:by.epam.javatraining.valeriiaamialcheniamaintask02.maintask02.view.LogPrinter.print(LogPrinter.java:18) = Fruit within given limits of calories: Thai Mango(Mango), Banana(Banana), 
2019-01-22 03:15:58,043  INFO by.epam.javatraining.valeriiaamialcheniamaintask02.maintask02.view.LogPrinter:by.epam.javatraining.valeriiaamialcheniamaintask02.maintask02.view.LogPrinter.print(LogPrinter.java:18) = Fruit within given limits of calories: Durian(Durian), 
2019-01-22 03:15:58,043  INFO by.epam.javatraining.valeriiaamialcheniamaintask02.maintask02.view.LogPrinter:by.epam.javatraining.valeriiaamialcheniamaintask02.maintask02.view.LogPrinter.print(LogPrinter.java:18) = Lets eat our Salad! 
2019-01-22 03:15:58,043  INFO by.epam.javatraining.valeriiaamialcheniamaintask02.maintask02.view.LogPrinter:by.epam.javatraining.valeriiaamialcheniamaintask02.maintask02.view.LogPrinter.print(LogPrinter.java:18) = 4.099999999999998 grams of Salad is left
2019-01-22 03:15:58,043  INFO by.epam.javatraining.valeriiaamialcheniamaintask02.maintask02.view.LogPrinter:by.epam.javatraining.valeriiaamialcheniamaintask02.maintask02.view.LogPrinter.print(LogPrinter.java:18) = Fruits are sorted by name: [
 Name: Yellow Pear
 Price: 123.0
 Weight: 2.2
 Calories per 100g: 52.0
 Kind of fruit: Pear
 Vitamin A per 100g fruit: 0.02
 Calcium per 100g fruit: 1.0
 Magnesium per 100g: 3.4, 
 Name: Yellow Pear
 Price: 123.0
 Weight: 2.2
 Calories per 100g: 52.0
 Kind of fruit: Pear
 Vitamin A per 100g fruit: 0.02
 Calcium per 100g fruit: 1.0
 Magnesium per 100g: 3.4, 
 Name: Thai Mango
 Price: 8.7
 Weight: 0.2
 Calories per 100g: 1.0
 Kind of fruit:Mango
 Fruit is poisonous: false
 Color: GREEN, 
 Name: Thai Mango
 Price: 8.7
 Weight: 0.2
 Calories per 100g: 1.0
 Kind of fruit:Mango
 Fruit is poisonous: false
 Color: YELLOW, 
 Name: Red Apple
 Price: 1.3
 Weight: 2.2
 Calories per 100g: 52.0
 Kind of fruit:Apple
 Vitamin A per 100g fruit: 10.02
 Calcium per 100g fruit: 102.0
 Phosphorus per 100g fruit: 3.4]
2019-01-22 03:15:58,043  INFO by.epam.javatraining.valeriiaamialcheniamaintask02.maintask02.view.LogPrinter:by.epam.javatraining.valeriiaamialcheniamaintask02.maintask02.view.LogPrinter.print(LogPrinter.java:18) = Fruits are sorted by type: [
 Name: Red Apple
 Price: 1.3
 Weight: 2.2
 Calories per 100g: 52.0
 Kind of fruit:Apple
 Vitamin A per 100g fruit: 10.02
 Calcium per 100g fruit: 102.0
 Phosphorus per 100g fruit: 3.4, 
 Name: Thai Mango
 Price: 8.7
 Weight: 0.2
 Calories per 100g: 1.0
 Kind of fruit:Mango
 Fruit is poisonous: false
 Color: GREEN, 
 Name: Thai Mango
 Price: 8.7
 Weight: 0.2
 Calories per 100g: 1.0
 Kind of fruit:Mango
 Fruit is poisonous: false
 Color: YELLOW, 
 Name: Yellow Pear
 Price: 123.0
 Weight: 2.2
 Calories per 100g: 52.0
 Kind of fruit: Pear
 Vitamin A per 100g fruit: 0.02
 Calcium per 100g fruit: 1.0
 Magnesium per 100g: 3.4, 
 Name: Yellow Pear
 Price: 123.0
 Weight: 2.2
 Calories per 100g: 52.0
 Kind of fruit: Pear
 Vitamin A per 100g fruit: 0.02
 Calcium per 100g fruit: 1.0
 Magnesium per 100g: 3.4]
2019-01-22 03:15:58,043  INFO by.epam.javatraining.valeriiaamialcheniamaintask02.maintask02.view.LogPrinter:by.epam.javatraining.valeriiaamialcheniamaintask02.maintask02.view.LogPrinter.print(LogPrinter.java:18) = Fruits are sorted by price: [
 Name: Red Apple
 Price: 1.3
 Weight: 2.2
 Calories per 100g: 52.0
 Kind of fruit:Apple
 Vitamin A per 100g fruit: 10.02
 Calcium per 100g fruit: 102.0
 Phosphorus per 100g fruit: 3.4, 
 Name: Thai Mango
 Price: 8.7
 Weight: 0.2
 Calories per 100g: 1.0
 Kind of fruit:Mango
 Fruit is poisonous: false
 Color: GREEN, 
 Name: Thai Mango
 Price: 8.7
 Weight: 0.2
 Calories per 100g: 1.0
 Kind of fruit:Mango
 Fruit is poisonous: false
 Color: YELLOW, 
 Name: Yellow Pear
 Price: 123.0
 Weight: 2.2
 Calories per 100g: 52.0
 Kind of fruit: Pear
 Vitamin A per 100g fruit: 0.02
 Calcium per 100g fruit: 1.0
 Magnesium per 100g: 3.4, 
 Name: Yellow Pear
 Price: 123.0
 Weight: 2.2
 Calories per 100g: 52.0
 Kind of fruit: Pear
 Vitamin A per 100g fruit: 0.02
 Calcium per 100g fruit: 1.0
 Magnesium per 100g: 3.4]
